יול 18, 2018 5:01:12 PM com.afeka.WarfareSimulator.Utils.WarLogger log
INFO: L3: missile M2 hit the target! destination: Sderot launch time: 4 hit time: 7 damage: 3000.000000
יול 18, 2018 6:18:53 PM com.afeka.WarfareSimulator.Utils.WarLogger log
INFO: L3: missile M4 hit the target! destination: Sderot launch time: 5 hit time: 11 damage: 5000.000000
יול 18, 2018 6:19:04 PM com.afeka.WarfareSimulator.Utils.WarLogger log
INFO: L3: missile M10 hit the target! destination: Beer-Sheva launch time: 11 hit time: 22 damage: 5000.000000
יול 18, 2018 6:19:10 PM com.afeka.WarfareSimulator.Utils.WarLogger log
INFO: L3: missile M11 hit the target! destination: Beer-Sheva launch time: 22 hit time: 28 damage: 3500.000000
יולי 24, 2018 12:43:06 לפנה״צ com.afeka.WarfareSimulator.Utils.WarLogger log
INFO: L3: missile M7 hit the target! destination: Ofakim launch time: 171 hit time: 182 damage: 2000.000000
יולי 24, 2018 3:04:11 לפנה״צ com.afeka.WarfareSimulator.Utils.WarLogger log
INFO: L3: missile M4 hit the target! destination: Sderot launch time: 10 hit time: 22 damage: 5000.000000
יולי 24, 2018 11:21:08 אחה״צ com.afeka.WarfareSimulator.Utils.WarLogger log
INFO: L3: missile M5 hit the target! destination: Beer-Sheva launch time: 17 hit time: 19 damage: 1500.000000
יולי 24, 2018 11:21:18 אחה״צ com.afeka.WarfareSimulator.Utils.WarLogger log
INFO: L3: missile M7 hit the target! destination: Ofakim launch time: 20 hit time: 30 damage: 4500.000000
יולי 24, 2018 11:21:28 אחה״צ com.afeka.WarfareSimulator.Utils.WarLogger log
INFO: L3: missile M9 hit the target! destination: Beer-Sheva launch time: 30 hit time: 40 damage: 500.000000
יולי 24, 2018 11:30:19 אחה״צ com.afeka.WarfareSimulator.Utils.WarLogger log
INFO: L3: missile M1 hit the target! destination: Ofakim launch time: 5 hit time: 14 damage: 1000.000000
יולי 24, 2018 11:32:35 אחה״צ com.afeka.WarfareSimulator.Utils.WarLogger log
INFO: L3: missile M8 hit the target! destination: Beer-Sheva launch time: 15 hit time: 21 damage: 4500.000000
יולי 24, 2018 11:32:59 אחה״צ com.afeka.WarfareSimulator.Utils.WarLogger log
INFO: L3: missile M15 hit the target! destination: Sderot launch time: 35 hit time: 45 damage: 3500.000000
יולי 25, 2018 12:28:43 לפנה״צ com.afeka.WarfareSimulator.Utils.WarLogger log
INFO: L3: missile M1 hit the target! destination: Beer-Sheva launch time: 6 hit time: 10 damage: 1000.000000
יולי 25, 2018 12:28:52 לפנה״צ com.afeka.WarfareSimulator.Utils.WarLogger log
INFO: L3: missile M5 hit the target! destination: Ofakim launch time: 17 hit time: 18 damage: 4000.000000
יולי 25, 2018 1:14:23 לפנה״צ com.afeka.WarfareSimulator.Utils.WarLogger log
INFO: L3: missile M11 hit the target! destination: Sderot launch time: 51 hit time: 61 damage: 5000.000000
יולי 25, 2018 1:14:35 לפנה״צ com.afeka.WarfareSimulator.Utils.WarLogger log
INFO: L3: missile M15 hit the target! destination: Beer-Sheva launch time: 71 hit time: 72 damage: 4000.000000
יולי 25, 2018 1:18:58 לפנה״צ com.afeka.WarfareSimulator.Utils.WarLogger log
INFO: L3: missile M9 hit the target! destination: Sderot launch time: 62 hit time: 72 damage: 1500.000000
יולי 25, 2018 1:19:10 לפנה״צ com.afeka.WarfareSimulator.Utils.WarLogger log
INFO: L3: missile M11 hit the target! destination: Sderot launch time: 77 hit time: 85 damage: 3500.000000
יולי 25, 2018 1:19:21 לפנה״צ com.afeka.WarfareSimulator.Utils.WarLogger log
INFO: L3: missile M12 hit the target! destination: Ofakim launch time: 85 hit time: 96 damage: 1000.000000
יולי 25, 2018 1:35:14 לפנה״צ com.afeka.WarfareSimulator.Utils.WarLogger log
INFO: L3: missile M2 hit the target! destination: Sderot launch time: 20 hit time: 22 damage: 1500.000000
יולי 25, 2018 1:35:19 לפנה״צ com.afeka.WarfareSimulator.Utils.WarLogger log
INFO: L3: missile M4 hit the target! destination: Beer-Sheva launch time: 26 hit time: 27 damage: 4000.000000
יולי 25, 2018 1:35:34 לפנה״צ com.afeka.WarfareSimulator.Utils.WarLogger log
INFO: L3: missile M10 hit the target! destination: Ofakim launch time: 39 hit time: 42 damage: 1500.000000
יולי 25, 2018 1:46:46 לפנה״צ com.afeka.WarfareSimulator.Utils.WarLogger log
INFO: L3: missile M3 hit the target! destination: Sderot launch time: 59 hit time: 66 damage: 500.000000
יולי 25, 2018 2:45:12 לפנה״צ com.afeka.WarfareSimulator.Utils.WarLogger log
INFO: L3: missile M1 hit the target! destination: Beer-Sheva launch time: 15 hit time: 26 damage: 1500.000000
יולי 25, 2018 2:52:24 לפנה״צ com.afeka.WarfareSimulator.Utils.WarLogger log
INFO: L3: missile M11 hit the target! destination: Beer-Sheva launch time: 22 hit time: 31 damage: 5000.000000
יולי 25, 2018 2:52:25 לפנה״צ com.afeka.WarfareSimulator.Utils.WarLogger log
INFO: L3: missile M12 hit the target! destination: Beer-Sheva launch time: 31 hit time: 32 damage: 3500.000000
יולי 25, 2018 11:41:10 אחה״צ com.afeka.WarfareSimulator.Utils.WarLogger log
INFO: L3: missile M1 hit the target! destination: Ofakim launch time: 14 hit time: 25 damage: 3500.000000
יולי 25, 2018 11:50:17 אחה״צ com.afeka.WarfareSimulator.Utils.WarLogger log
INFO: L3: missile M5 hit the target! destination: Ofakim launch time: 22 hit time: 24 damage: 1500.000000
יולי 26, 2018 12:07:29 לפנה״צ com.afeka.WarfareSimulator.Utils.WarLogger log
INFO: L3: missile M3 hit the target! destination: Ofakim launch time: 9 hit time: 11 damage: 500.000000
יולי 26, 2018 12:07:36 לפנה״צ com.afeka.WarfareSimulator.Utils.WarLogger log
INFO: L3: missile M6 hit the target! destination: Sderot launch time: 16 hit time: 18 damage: 1500.000000
יולי 26, 2018 12:12:44 לפנה״צ com.afeka.WarfareSimulator.Utils.WarLogger log
INFO: L3: missile M1 hit the target! destination: Ofakim launch time: 5 hit time: 8 damage: 3500.000000
יולי 26, 2018 12:25:23 לפנה״צ com.afeka.WarfareSimulator.Utils.WarLogger log
INFO: L3: missile M1 hit the target! destination: Beer-Sheva launch time: 6 hit time: 8 damage: 4500.000000
יולי 26, 2018 12:27:09 לפנה״צ com.afeka.WarfareSimulator.Utils.WarLogger log
INFO: L3: missile M1 hit the target! destination: Ofakim launch time: 5 hit time: 10 damage: 3000.000000
יולי 26, 2018 12:28:49 לפנה״צ com.afeka.WarfareSimulator.Utils.WarLogger log
INFO: L3: missile M4 hit the target! destination: Ofakim launch time: 12 hit time: 15 damage: 4000.000000
יולי 26, 2018 12:34:19 לפנה״צ com.afeka.WarfareSimulator.Utils.WarLogger log
INFO: L3: missile M1 hit the target! destination: Sderot launch time: 10 hit time: 17 damage: 5000.000000
יולי 26, 2018 12:34:46 לפנה״צ com.afeka.WarfareSimulator.Utils.WarLogger log
INFO: L3: missile M10 hit the target! destination: Ofakim launch time: 42 hit time: 43 damage: 3500.000000
יולי 26, 2018 12:34:56 לפנה״צ com.afeka.WarfareSimulator.Utils.WarLogger log
INFO: L3: missile M11 hit the target! destination: Ofakim launch time: 43 hit time: 53 damage: 3500.000000
יולי 26, 2018 12:34:57 לפנה״צ com.afeka.WarfareSimulator.Utils.WarLogger log
INFO: L3: missile M13 hit the target! destination: Beer-Sheva launch time: 53 hit time: 54 damage: 5000.000000
יולי 26, 2018 12:35:07 לפנה״צ com.afeka.WarfareSimulator.Utils.WarLogger log
INFO: L3: missile M11 hit the target! destination: Ofakim launch time: 54 hit time: 64 damage: 3500.000000
יולי 26, 2018 12:35:13 לפנה״צ com.afeka.WarfareSimulator.Utils.WarLogger log
INFO: L3: missile M17 hit the target! destination: Ofakim launch time: 64 hit time: 70 damage: 3000.000000
יולי 26, 2018 12:35:21 לפנה״צ com.afeka.WarfareSimulator.Utils.WarLogger log
INFO: L3: missile M19 hit the target! destination: Ofakim launch time: 71 hit time: 78 damage: 3500.000000
יולי 26, 2018 12:35:33 לפנה״צ com.afeka.WarfareSimulator.Utils.WarLogger log
INFO: L3: missile M25 hit the target! destination: Ofakim launch time: 84 hit time: 90 damage: 1500.000000
יולי 26, 2018 12:44:16 לפנה״צ com.afeka.WarfareSimulator.Utils.WarLogger log
INFO: L3: missile M5 hit the target! destination: Sderot launch time: 11 hit time: 15 damage: 2000.000000
יולי 26, 2018 12:44:38 לפנה״צ com.afeka.WarfareSimulator.Utils.WarLogger log
INFO: L3: missile M6 hit the target! destination: Beer-Sheva launch time: 29 hit time: 38 damage: 2000.000000
יולי 26, 2018 12:45:38 לפנה״צ com.afeka.WarfareSimulator.Utils.WarLogger log
INFO: L3: missile M7 hit the target! destination: Sderot launch time: 13 hit time: 23 damage: 2000.000000
יולי 26, 2018 12:49:49 לפנה״צ com.afeka.WarfareSimulator.Utils.WarLogger log
INFO: L3: missile M7 hit the target! destination: Beer-Sheva launch time: 9 hit time: 13 damage: 500.000000
יולי 26, 2018 12:50:12 לפנה״צ com.afeka.WarfareSimulator.Utils.WarLogger log
INFO: L3: missile M13 hit the target! destination: Ofakim launch time: 25 hit time: 36 damage: 3000.000000
יולי 26, 2018 12:50:22 לפנה״צ com.afeka.WarfareSimulator.Utils.WarLogger log
INFO: L3: missile M14 hit the target! destination: Beer-Sheva launch time: 36 hit time: 45 damage: 3000.000000
יולי 26, 2018 12:50:25 לפנה״צ com.afeka.WarfareSimulator.Utils.WarLogger log
INFO: L3: missile M15 hit the target! destination: Sderot launch time: 45 hit time: 48 damage: 3000.000000
יולי 26, 2018 12:50:33 לפנה״צ com.afeka.WarfareSimulator.Utils.WarLogger log
INFO: L3: missile M16 hit the target! destination: Beer-Sheva launch time: 48 hit time: 56 damage: 5000.000000
יולי 26, 2018 1:01:06 לפנה״צ com.afeka.WarfareSimulator.Utils.WarLogger log
INFO: L3: missile M17 hit the target! destination: Beer-Sheva launch time: 54 hit time: 60 damage: 3500.000000
יולי 26, 2018 1:01:07 לפנה״צ com.afeka.WarfareSimulator.Utils.WarLogger log
INFO: L3: missile M20 hit the target! destination: Ofakim launch time: 60 hit time: 61 damage: 500.000000
יולי 26, 2018 1:01:13 לפנה״צ com.afeka.WarfareSimulator.Utils.WarLogger log
INFO: L3: missile M24 hit the target! destination: Ofakim launch time: 61 hit time: 67 damage: 1000.000000
יולי 26, 2018 1:02:22 לפנה״צ com.afeka.WarfareSimulator.Utils.WarLogger log
INFO: L3: missile M1 hit the target! destination: Beer-Sheva launch time: 10 hit time: 15 damage: 4000.000000
יולי 26, 2018 1:02:23 לפנה״צ com.afeka.WarfareSimulator.Utils.WarLogger log
INFO: L3: missile M4 hit the target! destination: Sderot launch time: 15 hit time: 16 damage: 1000.000000
יולי 26, 2018 1:02:33 לפנה״צ com.afeka.WarfareSimulator.Utils.WarLogger log
INFO: L3: missile M5 hit the target! destination: Ofakim launch time: 16 hit time: 26 damage: 1000.000000
יולי 26, 2018 1:17:12 לפנה״צ com.afeka.WarfareSimulator.Utils.WarLogger log
INFO: L3: missile M3 hit the target! destination: Sderot launch time: 27 hit time: 28 damage: 500.000000
יולי 26, 2018 1:17:24 לפנה״צ com.afeka.WarfareSimulator.Utils.WarLogger log
INFO: L3: missile M5 hit the target! destination: Ofakim launch time: 29 hit time: 40 damage: 4500.000000
יולי 26, 2018 1:25:57 לפנה״צ com.afeka.WarfareSimulator.Utils.WarLogger log
INFO: L3: missile M6 hit the target! destination: Sderot launch time: 37 hit time: 41 damage: 3000.000000
יולי 26, 2018 1:26:08 לפנה״צ com.afeka.WarfareSimulator.Utils.WarLogger log
INFO: L3: missile M8 hit the target! destination: Beer-Sheva launch time: 42 hit time: 52 damage: 1000.000000
יולי 26, 2018 1:37:49 לפנה״צ com.afeka.WarfareSimulator.Utils.WarLogger log
INFO: L3: missile M4 hit the target! destination: Sderot launch time: 20 hit time: 22 damage: 5000.000000
יולי 26, 2018 1:47:39 לפנה״צ com.afeka.WarfareSimulator.Utils.WarLogger log
INFO: L3: missile M1 hit the target! destination: Sderot launch time: 9 hit time: 20 damage: 500.000000
יולי 26, 2018 1:50:19 לפנה״צ com.afeka.WarfareSimulator.Utils.WarLogger log
INFO: L3: missile M4 hit the target! destination: Ofakim launch time: 33 hit time: 41 damage: 5000.000000
יולי 26, 2018 1:50:29 לפנה״צ com.afeka.WarfareSimulator.Utils.WarLogger log
INFO: L3: missile M5 hit the target! destination: Beer-Sheva launch time: 46 hit time: 51 damage: 500.000000
יולי 26, 2018 2:34:03 לפנה״צ com.afeka.WarfareSimulator.Utils.WarLogger log
INFO: L3: missile M1 hit the target! destination: Ofakim launch time: 9 hit time: 12 damage: 4500.000000
יולי 26, 2018 3:59:46 לפנה״צ com.afeka.WarfareSimulator.Utils.WarLogger log
INFO: L3: missile M2 was destroyed! launch time: 12 destroy time: 17
יולי 26, 2018 12:13:40 אחה״צ com.afeka.WarfareSimulator.Utils.WarLogger log
INFO: L3: missile M1 hit the target! destination: Sderot launch time: 13 hit time: 14 damage: 500.000000
יולי 26, 2018 12:14:08 אחה״צ com.afeka.WarfareSimulator.Utils.WarLogger log
INFO: L3: missile M8 hit the target! destination: Sderot launch time: 39 hit time: 43 damage: 3500.000000
יולי 26, 2018 2:07:48 אחה״צ com.afeka.WarfareSimulator.Utils.WarLogger log
INFO: L3: missile M1 hit the target! destination: Ofakim launch time: 33 hit time: 35 damage: 500.000000
יולי 26, 2018 2:08:20 אחה״צ com.afeka.WarfareSimulator.Utils.WarLogger log
INFO: L3: missile M5 hit the target! destination: Sderot launch time: 56 hit time: 67 damage: 4000.000000
